<?xml version="1.0" encoding="UTF-8"?>
<testsuite xmlns:xsi="http://www.w3.org/2001/XMLSchema-instance" xsi:noNamespaceSchemaLocation="https://maven.apache.org/surefire/maven-surefire-plugin/xsd/surefire-test-report-3.0.xsd" version="3.0" name="testRunner.TestRunner" time="1.741" tests="1" errors="1" skipped="0" failures="0">
  <properties>
[...]
</properties>
  <testcase name="Successful Login with Valid Credentials" classname="Login with Valid Credentials" time="0.239">
    <error message="The step &apos;User Launch browser&apos; and 6 other step(s) are undefined.&#10;You can implement these steps using the snippet(s) below:&#10;&#10;@Given(&quot;User Launch browser&quot;)&#10;public void user_launch_browser() {&#10;    // Write code here that turns the phrase above into concrete actions&#10;    throw new io.cucumber.java.PendingException();&#10;}&#10;@Given(&quot;opens URL {string}&quot;)&#10;public void opens_url(String string) {&#10;    // Write code here that turns the phrase above into concrete actions&#10;    throw new io.cucumber.java.PendingException();&#10;}&#10;@When(&quot;User navigate to MyAccount menu&quot;)&#10;public void user_navigate_to_my_account_menu() {&#10;    // Write code here that turns the phrase above into concrete actions&#10;    throw new io.cucumber.java.PendingException();&#10;}&#10;@When(&quot;click on Login&quot;)&#10;public void click_on_login() {&#10;    // Write code here that turns the phrase above into concrete actions&#10;    throw new io.cucumber.java.PendingException();&#10;}&#10;@When(&quot;User enters Email as {string} and Password as {string}&quot;)&#10;public void user_enters_email_as_and_password_as(String string, String string2) {&#10;    // Write code here that turns the phrase above into concrete actions&#10;    throw new io.cucumber.java.PendingException();&#10;}&#10;@When(&quot;Click on Login button&quot;)&#10;public void click_on_login_button() {&#10;    // Write code here that turns the phrase above into concrete actions&#10;    throw new io.cucumber.java.PendingException();&#10;}&#10;@Then(&quot;User navigates to MyAccount Page&quot;)&#10;public void user_navigates_to_my_account_page() {&#10;    // Write code here that turns the phrase above into concrete actions&#10;    throw new io.cucumber.java.PendingException();&#10;}&#10;" type="io.cucumber.junit.UndefinedStepException"><![CDATA[io.cucumber.junit.UndefinedStepException: 
The step 'User Launch browser' and 6 other step(s) are undefined.
You can implement these steps using the snippet(s) below:

@Given("User Launch browser")
public void user_launch_browser() {
    // Write code here that turns the phrase above into concrete actions
    throw new io.cucumber.java.PendingException();
}
@Given("opens URL {string}")
public void opens_url(String string) {
    // Write code here that turns the phrase above into concrete actions
    throw new io.cucumber.java.PendingException();
}
@When("User navigate to MyAccount menu")
public void user_navigate_to_my_account_menu() {
    // Write code here that turns the phrase above into concrete actions
    throw new io.cucumber.java.PendingException();
}
@When("click on Login")
public void click_on_login() {
    // Write code here that turns the phrase above into concrete actions
    throw new io.cucumber.java.PendingException();
}
@When("User enters Email as {string} and Password as {string}")
public void user_enters_email_as_and_password_as(String string, String string2) {
    // Write code here that turns the phrase above into concrete actions
    throw new io.cucumber.java.PendingException();
}
@When("Click on Login button")
public void click_on_login_button() {
    // Write code here that turns the phrase above into concrete actions
    throw new io.cucumber.java.PendingException();
}
@Then("User navigates to MyAccount Page")
public void user_navigates_to_my_account_page() {
    // Write code here that turns the phrase above into concrete actions
    throw new io.cucumber.java.PendingException();
}

]]></error>
    <system-out><![CDATA[
@sanity
Scenario: Successful Login with Valid Credentials             # Features/Login.feature:4
  Given User Launch browser
  And opens URL "https://demo.nopcommerce.com/"
  When User navigate to MyAccount menu
  And click on Login
  And User enters Email as "Admin" and Password as "admin123"
  And Click on Login button
  Then User navigates to MyAccount Page
]]></system-out>
  </testcase>
</testsuite>